  stdafx.cpp
  XHDcmSrvc.cpp
e:\code\gitpath\xhdcmsrvc\xhdcmsrvc\logger.h(23): warning C4091: “typedef ”: 没有声明变量时忽略“LOGGER::EnumLogLevel”的左侧
e:\code\gitpath\xhdcmsrvc\xhdcmsrvc\xhdcmsrvc.cpp(25): warning C4476: "printf": 格式说明符中的类型字段字符“ ”未知
e:\code\gitpath\xhdcmsrvc\xhdcmsrvc\xhdcmsrvc.cpp(25): warning C4476: "printf": 格式说明符中的类型字段字符“\r”未知
e:\code\gitpath\xhdcmsrvc\xhdcmsrvc\xhdcmsrvc.cpp(25): warning C4474: printf: 格式字符串中传递的参数太多
  e:\code\gitpath\xhdcmsrvc\xhdcmsrvc\xhdcmsrvc.cpp(25): note: 占位符和其参数预计 1 可变参数，但提供的却是 4 参数
  SetFileDef.cpp
  Logger.cpp
e:\code\gitpath\xhdcmsrvc\xhdcmsrvc\logger.h(23): warning C4091: “typedef ”: 没有声明变量时忽略“LOGGER::EnumLogLevel”的左侧
c:\program files (x86)\windows kits\8.1\include\um\dbghelp.h(1544): warning C4091: “typedef ”: 没有声明变量时忽略“”的左侧
c:\program files (x86)\windows kits\8.1\include\um\dbghelp.h(3190): warning C4091: “typedef ”: 没有声明变量时忽略“”的左侧
  Ini.cpp
e:\code\gitpath\xhdcmsrvc\xhdcmsrvc\ini.cpp(43): warning C4267: “=”: 从“size_t”转换到“int”，可能丢失数据
e:\code\gitpath\xhdcmsrvc\xhdcmsrvc\ini.cpp(59): warning C4267: “初始化”: 从“size_t”转换到“int”，可能丢失数据
e:\code\gitpath\xhdcmsrvc\xhdcmsrvc\ini.cpp(60): warning C4267: “=”: 从“size_t”转换到“int”，可能丢失数据
e:\code\gitpath\xhdcmsrvc\xhdcmsrvc\ini.cpp(68): warning C4267: “=”: 从“size_t”转换到“int”，可能丢失数据
e:\code\gitpath\xhdcmsrvc\xhdcmsrvc\ini.cpp(74): warning C4267: “=”: 从“size_t”转换到“int”，可能丢失数据
e:\code\gitpath\xhdcmsrvc\xhdcmsrvc\ini.cpp(85): warning C4267: “=”: 从“size_t”转换到“int”，可能丢失数据
e:\code\gitpath\xhdcmsrvc\xhdcmsrvc\ini.cpp(89): warning C4267: “=”: 从“size_t”转换到“int”，可能丢失数据
e:\code\gitpath\xhdcmsrvc\xhdcmsrvc\ini.cpp(187): warning C4244: “return”: 从“double”转换到“float”，可能丢失数据
  DCMObj.cpp
  ADOSQL.cpp
  正在生成代码...
e:\code\gitpath\xhdcmsrvc\xhdcmsrvc\setfiledef.cpp(12): warning C4715: “ConfigFile::ReadConfigFile”: 不是所有的控件路径都返回值
  XHDcmSrvc.vcxproj -> E:\CODE\GitPath\XHDcmSrvc\x64\Debug\XHDcmSrvc.exe
  XHDcmSrvc.vcxproj -> E:\CODE\GitPath\XHDcmSrvc\x64\Debug\XHDcmSrvc.pdb (Full PDB)
